<?xml version="1.0" encoding="UTF-8" ?>
<testsuites>
 <testsuite name="Script1_script" package="TableBased-Demo.suite" timestamp="2024-02-22 17:06:28.568 +0530"
 tests="1"  failures="1" errors="0" time="0.013000">
  <properties>
   <property name="RunDate" value="2024-02-22 17:06:28.568 +0530"/>
   <property name="Status" value="Failure"/>
  </properties>
  <testcase name="Script1.script" assertions="1" status="failure"  time="0.001">
    <failure type="FAILURE" message="SenseTalk Compiler Exception: in script1:\nSyntax Error at line 1: can&apos;t understand [end of line] at character 16 -- Execution Time 0:00:00 Script1.script" />
  </testcase>
 </testsuite>
</testsuites>
